0 verbose cli C:\Program Files\nodejs\node.exe C:\Program Files\nodejs\node_modules\npm\bin\npm-cli.js
1 info using npm@9.5.1
2 info using node@v18.16.0
3 timing npm:load:whichnode Completed in 3ms
4 timing config:load:defaults Completed in 5ms
5 timing config:load:file:C:\Program Files\nodejs\node_modules\npm\npmrc Completed in 3ms
6 timing config:load:builtin Completed in 3ms
7 timing config:load:cli Completed in 3ms
8 timing config:load:env Completed in 1ms
9 timing config:load:file:C:\Users\Eis\Desktop\Breeze\gas\.npmrc Completed in 0ms
10 timing config:load:project Completed in 3ms
11 timing config:load:file:C:\Users\Eis\.npmrc Completed in 2ms
12 timing config:load:user Completed in 3ms
13 timing config:load:file:C:\Users\Eis\AppData\Roaming\npm\etc\npmrc Completed in 1ms
14 timing config:load:global Completed in 1ms
15 timing config:load:setEnvs Completed in 3ms
16 timing config:load Completed in 26ms
17 timing npm:load:configload Completed in 26ms
18 timing npm:load:mkdirpcache Completed in 1ms
19 timing npm:load:mkdirplogs Completed in 0ms
20 verbose title npm run dev
21 verbose argv "run" "dev"
22 timing npm:load:setTitle Completed in 2ms
23 timing config:load:flatten Completed in 6ms
24 timing npm:load:display Completed in 9ms
25 verbose logfile logs-max:10 dir:C:\Users\Eis\Desktop\Breeze\gas\Devnpm-repositorynpm-cache\_logs\2023-06-27T05_07_01_645Z-
26 verbose logfile C:\Users\Eis\Desktop\Breeze\gas\Devnpm-repositorynpm-cache\_logs\2023-06-27T05_07_01_645Z-debug-0.log
27 timing npm:load:logFile Completed in 10ms
28 timing npm:load:timers Completed in 0ms
29 timing npm:load:configScope Completed in 0ms
30 timing npm:load Completed in 52ms
31 silly logfile done cleaning log files
32 timing command:run Completed in 38ms
33 verbose stack Error: spawn C:\Windows\system32\cmd.exe;C:\Program Files\nodejs\node_modules\npm ENOENT
33 verbose stack     at ChildProcess._handle.onexit (node:internal/child_process:283:19)
33 verbose stack     at onErrorNT (node:internal/child_process:476:16)
33 verbose stack     at process.processTicksAndRejections (node:internal/process/task_queues:82:21)
34 verbose cwd C:\Users\Eis\Desktop\Breeze\gas
35 verbose Windows_NT 10.0.19043
36 verbose node v18.16.0
37 verbose npm  v9.5.1
38 error code ENOENT
39 error syscall spawn C:\Windows\system32\cmd.exe;C:\Program Files\nodejs\node_modules\npm
40 error path C:\Users\Eis\Desktop\Breeze\gas
41 error errno -4058
42 error enoent spawn C:\Windows\system32\cmd.exe;C:\Program Files\nodejs\node_modules\npm ENOENT
43 error enoent This is related to npm not being able to find a file.
43 error enoent
44 verbose exit -4058
45 timing npm Completed in 125ms
46 verbose code -4058
47 error A complete log of this run can be found in:
47 error     C:\Users\Eis\Desktop\Breeze\gas\Devnpm-repositorynpm-cache\_logs\2023-06-27T05_07_01_645Z-debug-0.log
